0 info it worked if it ends with ok
1 verbose cli [ 'node',
1 verbose cli   '/Users/Johnny/.nvm/versions/node/v0.12.2/bin/npm',
1 verbose cli   'run',
1 verbose cli   'dev-write-to-disk' ]
2 info using npm@2.13.4
3 info using node@v0.12.2
4 verbose stack Error: Failed to parse json
4 verbose stack Unexpected token 'd' at 9:6
4 verbose stack     "deploy": "NODE_ENV=production webpack -p --config webpack.production.confi
4 verbose stack      ^
4 verbose stack     at parseError (/Users/Johnny/.nvm/versions/node/v0.12.2/lib/node_modules/npm/node_modules/read-package-json/read-json.js:379:11)
4 verbose stack     at parseJson (/Users/Johnny/.nvm/versions/node/v0.12.2/lib/node_modules/npm/node_modules/read-package-json/read-json.js:68:23)
4 verbose stack     at /Users/Johnny/.nvm/versions/node/v0.12.2/lib/node_modules/npm/node_modules/read-package-json/read-json.js:48:5
4 verbose stack     at evalmachine.<anonymous>:334:14
4 verbose stack     at /Users/Johnny/.nvm/versions/node/v0.12.2/lib/node_modules/npm/node_modules/read-package-json/node_modules/graceful-fs/graceful-fs.js:102:5
4 verbose stack     at FSReqWrap.oncomplete (evalmachine.<anonymous>:95:15)
5 verbose cwd /Users/Johnny/Desktop/repos/music_feed
6 error Darwin 14.4.0
7 error argv "node" "/Users/Johnny/.nvm/versions/node/v0.12.2/bin/npm" "run" "dev-write-to-disk"
8 error node v0.12.2
9 error npm  v2.13.4
10 error file /Users/Johnny/Desktop/repos/music_feed/package.json
11 error code EJSONPARSE
12 error Failed to parse json
12 error Unexpected token 'd' at 9:6
12 error     "deploy": "NODE_ENV=production webpack -p --config webpack.production.confi
12 error      ^
13 error File: /Users/Johnny/Desktop/repos/music_feed/package.json
14 error Failed to parse package.json data.
14 error package.json must be actual JSON, not just JavaScript.
14 error
14 error This is not a bug in npm.
14 error Tell the package author to fix their package.json file. JSON.parse
15 verbose exit [ 1, true ]
